<?xml version="1.0" encoding="UTF-8"?>
<testng-results skipped="0" failed="0" ignored="0" total="1" passed="1">
  <reporter-output>
  </reporter-output>
  <suite name="Default suite" duration-ms="751" started-at="2018-09-09T06:50:35Z" finished-at="2018-09-09T06:50:35Z">
    <groups>
    </groups>
    <test name="Default test" duration-ms="751" started-at="2018-09-09T06:50:35Z" finished-at="2018-09-09T06:50:35Z">
      <class name="myproject.homepage.ExcelData">
        <test-method status="PASS" signature="readExcel()[pri:0, instance:myproject.homepage.ExcelData@42d8062c]" name="readExcel" duration-ms="719" started-at="2018-09-09T06:50:35Z" finished-at="2018-09-09T06:50:35Z">
          <reporter-output>
          </reporter-output>
        </test-method> <!-- readExcel -->
      </class> <!-- myproject.homepage.ExcelData -->
    </test> <!-- Default test -->
  </suite> <!-- Default suite -->
</testng-results>
